  map.cpp
c:\users\lee chang yoon\downloads\snakegame_separate\map.cpp(6): warning C4838: 'int'에서 'SHORT'(으)로의 변환에는 축소 변환이 필요합니다.
c:\users\lee chang yoon\downloads\snakegame_separate\map.cpp(21): warning C4101: 'j' :참조되지 않은 지역 변수입니다.
c:\users\lee chang yoon\downloads\snakegame_separate\map.cpp(39): warning C4996: 'kbhit': The POSIX name for this item is deprecated. Instead, use the ISO C and C++ conformant name: _kbhit. See online help for details.
  c:\program files (x86)\windows kits\10\include\10.0.16299.0\ucrt\conio.h(458): note: 'kbhit' 선언을 참조하십시오.
c:\users\lee chang yoon\downloads\snakegame_separate\map.cpp(40): warning C4996: 'getch': The POSIX name for this item is deprecated. Instead, use the ISO C and C++ conformant name: _getch. See online help for details.
  c:\program files (x86)\windows kits\10\include\10.0.16299.0\ucrt\conio.h(452): note: 'getch' 선언을 참조하십시오.
c:\users\lee chang yoon\downloads\snakegame_separate\map.cpp(64): warning C4996: 'kbhit': The POSIX name for this item is deprecated. Instead, use the ISO C and C++ conformant name: _kbhit. See online help for details.
  c:\program files (x86)\windows kits\10\include\10.0.16299.0\ucrt\conio.h(458): note: 'kbhit' 선언을 참조하십시오.
c:\users\lee chang yoon\downloads\snakegame_separate\map.cpp(66): warning C4996: 'getch': The POSIX name for this item is deprecated. Instead, use the ISO C and C++ conformant name: _getch. See online help for details.
  c:\program files (x86)\windows kits\10\include\10.0.16299.0\ucrt\conio.h(452): note: 'getch' 선언을 참조하십시오.
  Move.cpp
c:\users\lee chang yoon\downloads\snakegame_separate\move.cpp(89): warning C4996: 'kbhit': The POSIX name for this item is deprecated. Instead, use the ISO C and C++ conformant name: _kbhit. See online help for details.
  c:\program files (x86)\windows kits\10\include\10.0.16299.0\ucrt\conio.h(458): note: 'kbhit' 선언을 참조하십시오.
c:\users\lee chang yoon\downloads\snakegame_separate\move.cpp(91): warning C4996: 'getch': The POSIX name for this item is deprecated. Instead, use the ISO C and C++ conformant name: _getch. See online help for details.
  c:\program files (x86)\windows kits\10\include\10.0.16299.0\ucrt\conio.h(452): note: 'getch' 선언을 참조하십시오.
  Main.cpp
c:\users\lee chang yoon\downloads\snakegame_separate\main.cpp(13): warning C4996: 'kbhit': The POSIX name for this item is deprecated. Instead, use the ISO C and C++ conformant name: _kbhit. See online help for details.
  c:\program files (x86)\windows kits\10\include\10.0.16299.0\ucrt\conio.h(458): note: 'kbhit' 선언을 참조하십시오.
  Function.cpp
c:\users\lee chang yoon\downloads\snakegame_separate\function.cpp(67): warning C4101: 'map' :참조되지 않은 지역 변수입니다.
  코드를 생성하고 있습니다...
  SnakeGame.vcxproj -> C:\Users\Lee Chang Yoon\Downloads\SnakeGame_separate\Debug\SnakeGame.exe
